<?xml version="1.0" encoding="UTF-8"?>
<!-- Generated by org.testng.reporters.JUnitReportReporter -->
<testsuite hostname="DESKTOP-1A5I486" failures="0" tests="4" name="com.selenium.tests.LoginTest" time="77.438" errors="0" timestamp="2024-06-22T12:28:10 IST" skipped="0">
  <testcase classname="com.selenium.tests.LoginTest" name="loginWithValidCred" time="13.184"/>
  <testcase classname="com.selenium.tests.LoginTest" name="loginWithValidCred" time="14.249"/>
  <testcase classname="com.selenium.tests.LoginTest" name="loginWithValidCred" time="33.564"/>
  <testcase classname="com.selenium.tests.LoginTest" name="loginWithInvalidCred" time="16.441"/>
</testsuite> <!-- com.selenium.tests.LoginTest -->
